#
# There is insufficient memory for the Java Runtime Environment to continue.
# Native memory allocation (malloc) failed to allocate 1347936 bytes for Chunk::new
# Possible reasons:
#   The system is out of physical RAM or swap space
#   In 32 bit mode, the process size limit was hit
# Possible solutions:
#   Reduce memory load on the system
#   Increase physical memory or swap space
#   Check if swap backing store is full
#   Use 64 bit Java on a 64 bit OS
#   Decrease Java heap size (-Xmx/-Xms)
#   Decrease number of Java threads
#   Decrease Java thread stack sizes (-Xss)
#   Set larger code cache with -XX:ReservedCodeCacheSize=
# This output file may be truncated or incomplete.
#
#  Out of Memory Error (allocation.cpp:390), pid=7816, tid=1884
#
# JRE version: Java(TM) SE Runtime Environment (8.0_91-b14) (build 1.8.0_91-b14)
# Java VM: Java HotSpot(TM) 64-Bit Server VM (25.91-b14 mixed mode windows-amd64 compressed oops)
# Failed to write core dump. Minidumps are not enabled by default on client versions of Windows
#

---------------  T H R E A D  ---------------

Current thread (0x00000000185a4000):  JavaThread "C2 CompilerThread1" daemon [_thread_in_native, id=1884, stack(0x0000000019e10000,0x0000000019f10000)]

Stack: [0x0000000019e10000,0x0000000019f10000]
[error occurred during error reporting (printing stack bounds), id 0xc0000005]

Native frames: (J=compiled Java code, j=interpreted, Vv=VM code, C=native code)


Current CompileTask:
C2:  59556 15457       4       org.gradle.internal.component.external.model.AbstractMutableModuleComponentResolveMetadata::populateConfigurationFromDescriptor (264 bytes)


---------------  P R O C E S S  ---------------

Java Threads: ( => current thread )
  0x000000001fa78800 JavaThread "Task worker for ':' Thread 3" [_thread_in_vm, id=12696, stack(0x000000002e280000,0x000000002e380000)]
  0x000000001fa7c800 JavaThread "Task worker for ':' Thread 2" [_thread_blocked, id=3576, stack(0x000000002e180000,0x000000002e280000)]
  0x000000001fa79800 JavaThread "Task worker for ':'" [_thread_blocked, id=4920, stack(0x000000002e080000,0x000000002e180000)]
  0x000000001fa75800 JavaThread "Cache worker for Build Output Cleanup Cache (D:\HCIGIT\MobilesTagebuch\.gradle\buildOutputCleanup)" [_thread_blocked, id=13148, stack(0x000000002df80000,0x000000002e080000)]
  0x000000001fa7b800 JavaThread "Cache worker for task history cache (D:\HCIGIT\MobilesTagebuch\.gradle\4.4\taskHistory)" [_thread_blocked, id=2912, stack(0x000000002de80000,0x000000002df80000)]
  0x000000001fa78000 JavaThread "Cache worker for file content cache (D:\HCIGIT\MobilesTagebuch\.gradle\4.4\fileContent)" [_thread_blocked, id=10316, stack(0x000000002dd80000,0x000000002de80000)]
  0x000000001fa6e000 JavaThread "build operations Thread 4" [_thread_blocked, id=12940, stack(0x000000002dc80000,0x000000002dd80000)]
  0x000000001fa75000 JavaThread "build operations Thread 3" [_thread_blocked, id=2388, stack(0x000000002db80000,0x000000002dc80000)]
  0x000000001fa6d000 JavaThread "build operations Thread 2" [_thread_blocked, id=2316, stack(0x000000002da80000,0x000000002db80000)]
  0x000000001fa74000 JavaThread "build operations" [_thread_blocked, id=4304, stack(0x000000002d980000,0x000000002da80000)]
  0x000000001fa72000 JavaThread "Cache worker for Artifact transforms cache (C:\Users\Baduncle\.gradle\caches\transforms-1)" [_thread_blocked, id=3704, stack(0x000000002d880000,0x000000002d980000)]
  0x000000001fa73800 JavaThread "Cache worker for file hash cache (D:\HCIGIT\MobilesTagebuch\.gradle\4.4\fileHashes)" [_thread_blocked, id=9860, stack(0x000000002d780000,0x000000002d880000)]
  0x000000001fa71000 JavaThread "Stdin handler" [_thread_blocked, id=3932, stack(0x000000002d680000,0x000000002d780000)]
  0x000000001fa6f800 JavaThread "Asynchronous log dispatcher for DefaultDaemonConnection: socket connection from /127.0.0.1:17854 to /127.0.0.1:18533" [_thread_blocked, id=1348, stack(0x000000002d580000,0x000000002d680000)]
  0x000000001fa6f000 JavaThread "Cancel handler" [_thread_blocked, id=6876, stack(0x000000002d480000,0x000000002d580000)]
  0x000000001fa72800 JavaThread "Handler for socket connection from /127.0.0.1:17854 to /127.0.0.1:18533" [_thread_in_native, id=9516, stack(0x000000002d380000,0x000000002d480000)]
  0x000000001d516000 JavaThread "Memory manager" [_thread_blocked, id=4568, stack(0x0000000023d40000,0x0000000023e40000)]
  0x000000001b7e8000 JavaThread "File lock request listener" [_thread_in_native, id=9936, stack(0x000000001d280000,0x000000001d380000)]
  0x000000001b7eb000 JavaThread "Cache worker for file hash cache (C:\Users\Baduncle\.gradle\caches\4.4\fileHashes)" [_thread_blocked, id=1308, stack(0x000000001d180000,0x000000001d280000)]
  0x000000001b690800 JavaThread "Daemon worker" [_thread_blocked, id=3992, stack(0x000000001cc80000,0x000000001cd80000)]
  0x000000001b667000 JavaThread "Daemon" [_thread_blocked, id=11828, stack(0x000000001c780000,0x000000001c880000)]
  0x000000001b60b000 JavaThread "Daemon periodic checks" [_thread_blocked, id=404, stack(0x000000001c680000,0x000000001c780000)]
  0x000000001b49e000 JavaThread "Incoming local TCP Connector on port 17854" [_thread_in_native, id=9064, stack(0x000000001c420000,0x000000001c520000)]
  0x000000001b43a800 JavaThread "Daemon health stats" [_thread_blocked, id=7028, stack(0x000000001bde0000,0x000000001bee0000)]
  0x000000001a048800 JavaThread "Service Thread" daemon [_thread_blocked, id=4192, stack(0x000000001a410000,0x000000001a510000)]
  0x00000000185a7000 JavaThread "C1 CompilerThread2" daemon [_thread_blocked, id=11436, stack(0x0000000019f10000,0x000000001a010000)]
=>0x00000000185a4000 JavaThread "C2 CompilerThread1" daemon [_thread_in_native, id=1884, stack(0x0000000019e10000,0x0000000019f10000)]
  0x000000001859e800 JavaThread "C2 CompilerThread0" daemon [_thread_blocked, id=8796, stack(0x0000000019d10000,0x0000000019e10000)]
  0x000000001859d000 JavaThread "Attach Listener" daemon [_thread_blocked, id=10992, stack(0x0000000019c10000,0x0000000019d10000)]
  0x000000001859c000 JavaThread "Signal Dispatcher" daemon [_thread_blocked, id=9720, stack(0x0000000019b10000,0x0000000019c10000)]
  0x0000000004b4c000 JavaThread "Finalizer" daemon [_thread_blocked, id=2208, stack(0x00000000197f0000,0x00000000198f0000)]
  0x0000000018569000 JavaThread "Reference Handler" daemon [_thread_blocked, id=11208, stack(0x00000000196f0000,0x00000000197f0000)]
  0x0000000004c2d800 JavaThread "main" [_thread_blocked, id=12472, stack(0x00000000048a0000,0x00000000049a0000)]

Other Threads:
  0x0000000018567800 VMThread [stack: 0x00000000195f0000,0x00000000196f0000] [id=2716]
  0x000000001a05a000 WatcherThread [stack: 0x000000001a510000,0x000000001a610000] [id=5392]

VM state:not at safepoint (normal execution)

VM Mutex/Monitor currently owned by a thread: None

Heap:
 PSYoungGen      total 347648K, used 87104K [0x00000000e0000000, 0x00000000f7500000, 0x0000000100000000)
  eden space 313344K, 19% used [0x00000000e0000000,0x00000000e3ac0e40,0x00000000f3200000)
  from space 34304K, 78% used [0x00000000f3200000,0x00000000f4c4f1e8,0x00000000f5380000)
  to   space 32256K, 0% used [0x00000000f5480000,0x00000000f5480000,0x00000000f7400000)
 ParOldGen       total 246784K, used 44600K [0x00000000a0000000, 0x00000000af100000, 0x00000000e0000000)
  object space 246784K, 18% used [0x00000000a0000000,0x00000000a2b8e0e0,0x00000000af100000)
 Metaspace       used 78922K, capacity 82136K, committed 82304K, reserved 1120256K
  class space    used 10413K, capacity 11069K, committed 11136K, reserved 1048576K

Card table byte_map: [0x0000000013ff0000,0x0000000014300000] byte_map_base: 0x0000000013af0000

Marking Bits: (ParMarkBitMap*) 0x00000000752a2f70
 Begin Bits: [0x0000000014900000, 0x0000000016100000)
 End Bits:   [0x0000000016100000, 0x0000000017900000)

Polling page: 0x0000000003090000

CodeCache: size=245760Kb used=40410Kb max_used=40410Kb free=205349Kb
 bounds [0x0000000004c30000, 0x00000000073e0000, 0x0000000013c30000]
 total_blobs=13777 nmethods=12939 adapters=748
 compilation: enabled

Compilation events (10 events):
Event: 59.545 Thread 0x00000000185a7000 15530       3       org.gradle.api.internal.changedetection.state.FileCollectionVisitingSnapshotBuilder::visitFileSnapshot (9 bytes)
Event: 59.545 Thread 0x00000000185a7000 nmethod 15530 0x00000000073d2750 code [0x00000000073d28c0, 0x00000000073d2a68]
Event: 59.546 Thread 0x00000000185a7000 15531       3       org.gradle.api.internal.changedetection.rules.CachingTaskStateChanges::iterator (27 bytes)
Event: 59.547 Thread 0x00000000185a7000 nmethod 15531 0x00000000073d1890 code [0x00000000073d1a80, 0x00000000073d2338]
Event: 59.547 Thread 0x00000000185a7000 15532       3       org.gradle.api.internal.changedetection.rules.CachingTaskStateChanges$1::<init> (31 bytes)
Event: 59.547 Thread 0x00000000185a7000 nmethod 15532 0x00000000073d3f50 code [0x00000000073d4100, 0x00000000073d4708]
Event: 59.547 Thread 0x00000000185a7000 15533       3       org.gradle.api.internal.changedetection.rules.AbstractNamedFileSnapshotTaskStateChanges$2::apply (87 bytes)
Event: 59.548 Thread 0x00000000185a7000 nmethod 15533 0x00000000073d4a10 code [0x00000000073d4ca0, 0x00000000073d5df8]
Event: 59.548 Thread 0x00000000185a7000 15534       3       org.gradle.api.internal.changedetection.rules.AbstractNamedFileSnapshotTaskStateChanges::access$200 (5 bytes)
Event: 59.548 Thread 0x00000000185a7000 nmethod 15534 0x00000000073d1350 code [0x00000000073d14c0, 0x00000000073d1788]

GC Heap History (10 events):
Event: 14.790 GC heap before
{Heap before GC invocations=12 (full 3):
 PSYoungGen      total 230400K, used 209408K [0x00000000e0000000, 0x00000000eff00000, 0x0000000100000000)
  eden space 209408K, 100% used [0x00000000e0000000,0x00000000ecc80000,0x00000000ecc80000)
  from space 20992K, 0% used [0x00000000ee480000,0x00000000ee480000,0x00000000ef900000)
  to   space 24576K, 0% used [0x00000000ecc80000,0x00000000ecc80000,0x00000000ee480000)
 ParOldGen       total 246784K, used 35624K [0x00000000a0000000, 0x00000000af100000, 0x00000000e0000000)
  object space 246784K, 14% used [0x00000000a0000000,0x00000000a22ca370,0x00000000af100000)
 Metaspace       used 67482K, capacity 69666K, committed 69888K, reserved 1110016K
  class space    used 9156K, capacity 9616K, committed 9728K, reserved 1048576K
Event: 14.808 GC heap after
Heap after GC invocations=12 (full 3):
 PSYoungGen      total 233984K, used 17267K [0x00000000e0000000, 0x00000000f2600000, 0x0000000100000000)
  eden space 209408K, 0% used [0x00000000e0000000,0x00000000e0000000,0x00000000ecc80000)
  from space 24576K, 70% used [0x00000000ecc80000,0x00000000edd5cdb0,0x00000000ee480000)
  to   space 25088K, 0% used [0x00000000f0d80000,0x00000000f0d80000,0x00000000f2600000)
 ParOldGen       total 246784K, used 35640K [0x00000000a0000000, 0x00000000af100000, 0x00000000e0000000)
  object space 246784K, 14% used [0x00000000a0000000,0x00000000a22ce370,0x00000000af100000)
 Metaspace       used 67482K, capacity 69666K, committed 69888K, reserved 1110016K
  class space    used 9156K, capacity 9616K, committed 9728K, reserved 1048576K
}
Event: 16.420 GC heap before
{Heap before GC invocations=13 (full 3):
 PSYoungGen      total 233984K, used 226637K [0x00000000e0000000, 0x00000000f2600000, 0x0000000100000000)
  eden space 209408K, 99% used [0x00000000e0000000,0x00000000ecc769a8,0x00000000ecc80000)
  from space 24576K, 70% used [0x00000000ecc80000,0x00000000edd5cdb0,0x00000000ee480000)
  to   space 25088K, 0% used [0x00000000f0d80000,0x00000000f0d80000,0x00000000f2600000)
 ParOldGen       total 246784K, used 35640K [0x00000000a0000000, 0x00000000af100000, 0x00000000e0000000)
  object space 246784K, 14% used [0x00000000a0000000,0x00000000a22ce370,0x00000000af100000)
 Metaspace       used 72970K, capacity 75622K, committed 75648K, reserved 1114112K
  class space    used 9812K, capacity 10352K, committed 10368K, reserved 1048576K
Event: 16.448 GC heap after
Heap after GC invocations=13 (full 3):
 PSYoungGen      total 275456K, used 18470K [0x00000000e0000000, 0x00000000f2c80000, 0x0000000100000000)
  eden space 250368K, 0% used [0x00000000e0000000,0x00000000e0000000,0x00000000ef480000)
  from space 25088K, 73% used [0x00000000f0d80000,0x00000000f1f89938,0x00000000f2600000)
  to   space 25600K, 0% used [0x00000000ef480000,0x00000000ef480000,0x00000000f0d80000)
 ParOldGen       total 246784K, used 35648K [0x00000000a0000000, 0x00000000af100000, 0x00000000e0000000)
  object space 246784K, 14% used [0x00000000a0000000,0x00000000a22d0370,0x00000000af100000)
 Metaspace       used 72970K, capacity 75622K, committed 75648K, reserved 1114112K
  class space    used 9812K, capacity 10352K, committed 10368K, reserved 1048576K
}
Event: 18.594 GC heap before
{Heap before GC invocations=14 (full 3):
 PSYoungGen      total 275456K, used 268838K [0x00000000e0000000, 0x00000000f2c80000, 0x0000000100000000)
  eden space 250368K, 100% used [0x00000000e0000000,0x00000000ef480000,0x00000000ef480000)
  from space 25088K, 73% used [0x00000000f0d80000,0x00000000f1f89938,0x00000000f2600000)
  to   space 25600K, 0% used [0x00000000ef480000,0x00000000ef480000,0x00000000f0d80000)
 ParOldGen       total 246784K, used 35648K [0x00000000a0000000, 0x00000000af100000, 0x00000000e0000000)
  object space 246784K, 14% used [0x00000000a0000000,0x00000000a22d0370,0x00000000af100000)
 Metaspace       used 74109K, capacity 76818K, committed 77056K, reserved 1116160K
  class space    used 9927K, capacity 10472K, committed 10496K, reserved 1048576K
Event: 18.647 GC heap after
Heap after GC invocations=14 (full 3):
 PSYoungGen      total 275968K, used 25570K [0x00000000e0000000, 0x00000000f7400000, 0x0000000100000000)
  eden space 250368K, 0% used [0x00000000e0000000,0x00000000e0000000,0x00000000ef480000)
  from space 25600K, 99% used [0x00000000ef480000,0x00000000f0d789d0,0x00000000f0d80000)
  to   space 32256K, 0% used [0x00000000f5480000,0x00000000f5480000,0x00000000f7400000)
 ParOldGen       total 246784K, used 44592K [0x00000000a0000000, 0x00000000af100000, 0x00000000e0000000)
  object space 246784K, 18% used [0x00000000a0000000,0x00000000a2b8c0e0,0x00000000af100000)
 Metaspace       used 74109K, capacity 76818K, committed 77056K, reserved 1116160K
  class space    used 9927K, capacity 10472K, committed 10496K, reserved 1048576K
}
Event: 20.711 GC heap before
{Heap before GC invocations=15 (full 3):
 PSYoungGen      total 275968K, used 274983K [0x00000000e0000000, 0x00000000f7400000, 0x0000000100000000)
  eden space 250368K, 99% used [0x00000000e0000000,0x00000000ef3913a0,0x00000000ef480000)
  from space 25600K, 99% used [0x00000000ef480000,0x00000000f0d789d0,0x00000000f0d80000)
  to   space 32256K, 0% used [0x00000000f5480000,0x00000000f5480000,0x00000000f7400000)
 ParOldGen       total 246784K, used 44592K [0x00000000a0000000, 0x00000000af100000, 0x00000000e0000000)
  object space 246784K, 18% used [0x00000000a0000000,0x00000000a2b8c0e0,0x00000000af100000)
 Metaspace       used 75096K, capacity 77814K, committed 77952K, reserved 1116160K
  class space    used 10044K, capacity 10598K, committed 10624K, reserved 1048576K
Event: 20.732 GC heap after
Heap after GC invocations=15 (full 3):
 PSYoungGen      total 345600K, used 25734K [0x00000000e0000000, 0x00000000f7500000, 0x0000000100000000)
  eden space 313344K, 0% used [0x00000000e0000000,0x00000000e0000000,0x00000000f3200000)
  from space 32256K, 79% used [0x00000000f5480000,0x00000000f6da1878,0x00000000f7400000)
  to   space 34304K, 0% used [0x00000000f3200000,0x00000000f3200000,0x00000000f5380000)
 ParOldGen       total 246784K, used 44600K [0x00000000a0000000, 0x00000000af100000, 0x00000000e0000000)
  object space 246784K, 18% used [0x00000000a0000000,0x00000000a2b8e0e0,0x00000000af100000)
 Metaspace       used 75096K, capacity 77814K, committed 77952K, reserved 1116160K
  class space    used 10044K, capacity 10598K, committed 10624K, reserved 1048576K
}
Event: 36.601 GC heap before
{Heap before GC invocations=16 (full 3):
 PSYoungGen      total 345600K, used 339078K [0x00000000e0000000, 0x00000000f7500000, 0x0000000100000000)
  eden space 313344K, 100% used [0x00000000e0000000,0x00000000f3200000,0x00000000f3200000)
  from space 32256K, 79% used [0x00000000f5480000,0x00000000f6da1878,0x00000000f7400000)
  to   space 34304K, 0% used [0x00000000f3200000,0x00000000f3200000,0x00000000f5380000)
 ParOldGen       total 246784K, used 44600K [0x00000000a0000000, 0x00000000af100000, 0x00000000e0000000)
  object space 246784K, 18% used [0x00000000a0000000,0x00000000a2b8e0e0,0x00000000af100000)
 Metaspace       used 78544K, capacity 81560K, committed 81664K, reserved 1120256K
  class space    used 10391K, capacity 10999K, committed 11008K, reserved 1048576K
Event: 36.623 GC heap after
Heap after GC invocations=16 (full 3):
 PSYoungGen      total 347648K, used 26940K [0x00000000e0000000, 0x00000000f7500000, 0x0000000100000000)
  eden space 313344K, 0% used [0x00000000e0000000,0x00000000e0000000,0x00000000f3200000)
  from space 34304K, 78% used [0x00000000f3200000,0x00000000f4c4f1e8,0x00000000f5380000)
  to   space 32256K, 0% used [0x00000000f5480000,0x00000000f5480000,0x00000000f7400000)
 ParOldGen       total 246784K, used 44600K [0x00000000a0000000, 0x00000000af100000, 0x00000000e0000000)
  object space 246784K, 18% used [0x00000000a0000000,0x00000000a2b8e0e0,0x00000000af100000)
 Metaspace       used 78544K, capacity 81560K, committed 81664K, reserved 1120256K
  class space    used 10391K, capacity 10999K, committed 11008K, reserved 1048576K
}

Deoptimization events (10 events):
Event: 58.962 Thread 0x000000001b690800 Uncommon trap: reason=array_check action=maybe_recompile pc=0x000000000712483c method=com.google.common.collect.ImmutableSet.construct(I[Ljava/lang/Object;)Lcom/google/common/collect/ImmutableSet; @ 122
Event: 58.962 Thread 0x000000001b690800 Uncommon trap: reason=array_check action=maybe_recompile pc=0x000000000712483c method=com.google.common.collect.ImmutableSet.construct(I[Ljava/lang/Object;)Lcom/google/common/collect/ImmutableSet; @ 122
Event: 58.962 Thread 0x000000001b690800 Uncommon trap: reason=array_check action=maybe_recompile pc=0x000000000712483c method=com.google.common.collect.ImmutableSet.construct(I[Ljava/lang/Object;)Lcom/google/common/collect/ImmutableSet; @ 122
Event: 59.148 Thread 0x000000001b690800 Uncommon trap: reason=bimorphic action=maybe_recompile pc=0x0000000004e5d668 method=java.util.concurrent.ConcurrentHashMap.computeIfAbsent(Ljava/lang/Object;Ljava/util/function/Function;)Ljava/lang/Object; @ 278
Event: 59.148 Thread 0x000000001b690800 Uncommon trap: reason=class_check action=maybe_recompile pc=0x000000000516e2b0 method=com.google.common.collect.AbstractMapBasedMultimap$WrappedCollection.refreshIfEmpty()V @ 40
Event: 59.148 Thread 0x000000001b690800 Uncommon trap: reason=bimorphic action=maybe_recompile pc=0x0000000006f35a54 method=java.util.stream.StreamOpFlag.fromCharacteristics(Ljava/util/Spliterator;)I @ 14
Event: 59.233 Thread 0x000000001b690800 Uncommon trap: reason=bimorphic action=maybe_recompile pc=0x0000000004e5d668 method=java.util.concurrent.ConcurrentHashMap.computeIfAbsent(Ljava/lang/Object;Ljava/util/function/Function;)Ljava/lang/Object; @ 278
Event: 59.259 Thread 0x000000001b690800 Uncommon trap: reason=class_check action=maybe_recompile pc=0x0000000005ee7c60 method=com.sun.org.apache.xerces.internal.dom.ParentNode.getChildNodes()Lorg/w3c/dom/NodeList; @ 8
Event: 59.259 Thread 0x000000001b690800 Uncommon trap: reason=class_check action=maybe_recompile pc=0x0000000005ee7c60 method=com.sun.org.apache.xerces.internal.dom.ParentNode.getChildNodes()Lorg/w3c/dom/NodeList; @ 8
Event: 59.342 Thread 0x000000001fa78800 Uncommon trap: reason=unstable_if action=reinterpret pc=0x00000000056ae538 method=java.util.concurrent.ConcurrentLinkedQueue.offer(Ljava/lang/Object;)Z @ 91

Internal exceptions (10 events):
Event: 21.093 Thread 0x000000001b667000 Exception <a 'java/lang/NoSuchMethodError': <clinit>> (0x00000000f082cdc8) thrown at [C:\re\workspace\8-2-build-windows-amd64-cygwin\jdk8u91\6644\hotspot\src\share\vm\prims\jni.cpp, line 1613]
Event: 21.094 Thread 0x000000001b667000 Exception <a 'java/lang/NoSuchMethodError': <clinit>> (0x00000000f0837730) thrown at [C:\re\workspace\8-2-build-windows-amd64-cygwin\jdk8u91\6644\hotspot\src\share\vm\prims\jni.cpp, line 1613]
Event: 21.094 Thread 0x000000001b667000 Exception <a 'java/lang/NoSuchMethodError': <clinit>> (0x00000000f0840a48) thrown at [C:\re\workspace\8-2-build-windows-amd64-cygwin\jdk8u91\6644\hotspot\src\share\vm\prims\jni.cpp, line 1613]
Event: 21.098 Thread 0x000000001b667000 Exception <a 'java/lang/NoSuchMethodError': <clinit>> (0x00000000f085b9e8) thrown at [C:\re\workspace\8-2-build-windows-amd64-cygwin\jdk8u91\6644\hotspot\src\share\vm\prims\jni.cpp, line 1613]
Event: 21.100 Thread 0x000000001b667000 Exception <a 'java/lang/NoSuchMethodError': <clinit>> (0x00000000f086bd98) thrown at [C:\re\workspace\8-2-build-windows-amd64-cygwin\jdk8u91\6644\hotspot\src\share\vm\prims\jni.cpp, line 1613]
Event: 21.100 Thread 0x000000001b667000 Exception <a 'java/lang/NoSuchMethodError': <clinit>> (0x00000000f0870810) thrown at [C:\re\workspace\8-2-build-windows-amd64-cygwin\jdk8u91\6644\hotspot\src\share\vm\prims\jni.cpp, line 1613]
Event: 21.114 Thread 0x000000001b66a800 Exception <a 'java/lang/NoSuchMethodError': <clinit>> (0x00000000f0a08828) thrown at [C:\re\workspace\8-2-build-windows-amd64-cygwin\jdk8u91\6644\hotspot\src\share\vm\prims\jni.cpp, line 1613]
Event: 35.968 Thread 0x000000001b690800 Exception <a 'sun/nio/fs/WindowsException'> (0x00000000f1858938) thrown at [C:\re\workspace\8-2-build-windows-amd64-cygwin\jdk8u91\6644\hotspot\src\share\vm\prims\jni.cpp, line 709]
Event: 36.146 Thread 0x000000001b690800 Implicit null exception at 0x00000000056d8c1d to 0x00000000056da5a0
Event: 59.125 Thread 0x000000001b690800 Exception <a 'sun/nio/fs/WindowsException'> (0x00000000e2258c90) thrown at [C:\re\workspace\8-2-build-windows-amd64-cygwin\jdk8u91\6644\hotspot\src\share\vm\prims\jni.cpp, line 709]

Events (10 events):
Event: 59.279 Thread 0x00000000185a7000 flushing nmethod 0x0000000005dca010
Event: 59.282 Thread 0x00000000185a7000 flushing nmethod 0x0000000006005010
Event: 59.282 Thread 0x00000000185a7000 flushing nmethod 0x000000000601b910
Event: 59.287 Thread 0x00000000185a7000 flushing nmethod 0x0000000006e64b50
Event: 59.288 Thread 0x00000000185a7000 flushing nmethod 0x0000000006f33c90
Event: 59.322 Executing VM operation: RevokeBias
Event: 59.322 Executing VM operation: RevokeBias done
Event: 59.342 Thread 0x000000001fa78800 Uncommon trap: trap_request=0xffffff65 fr.pc=0x00000000056ae538
Event: 59.342 Thread 0x000000001fa78800 DEOPT PACKING pc=0x00000000056ae538 sp=0x000000002e37c2a0
Event: 59.342 Thread 0x000000001fa78800 DEOPT UNPACKING pc=0x0000000004c7582a sp=0x000000002e37c0d8 mode 2


Dynamic libraries:
0x00007ff777370000 - 0x00007ff7773a7000 	C:\Program Files\Java\jdk1.8.0_91\bin\java.exe
0x00007fff14dc0000 - 0x00007fff14fa0000 	C:\WINDOWS\SYSTEM32\ntdll.dll
0x00007fff128a0000 - 0x00007fff1294e000 	C:\WINDOWS\System32\KERNEL32.DLL
0x00007fff112c0000 - 0x00007fff11526000 	C:\WINDOWS\System32\KERNELBASE.dll
0x00007fff145e0000 - 0x00007fff14681000 	C:\WINDOWS\System32\ADVAPI32.dll
0x00007fff12800000 - 0x00007fff1289d000 	C:\WINDOWS\System32\msvcrt.dll
0x00007fff12bc0000 - 0x00007fff12c1b000 	C:\WINDOWS\System32\sechost.dll
0x00007fff123f0000 - 0x00007fff1250f000 	C:\WINDOWS\System32\RPCRT4.dll
0x00007fff12960000 - 0x00007fff12aef000 	C:\WINDOWS\System32\USER32.dll
0x00007fff11950000 - 0x00007fff11970000 	C:\WINDOWS\System32\win32u.dll
0x00007fff14390000 - 0x00007fff143b8000 	C:\WINDOWS\System32\GDI32.dll
0x00007fff115e0000 - 0x00007fff11773000 	C:\WINDOWS\System32\gdi32full.dll
0x00007fff120c0000 - 0x00007fff1215b000 	C:\WINDOWS\System32\msvcp_win.dll
0x00007fff111c0000 - 0x00007fff112b6000 	C:\WINDOWS\System32\ucrtbase.dll
0x00007fff038a0000 - 0x00007fff03b09000 	C:\WINDOWS\WinSxS\amd64_microsoft.windows.common-controls_6595b64144ccf1df_6.0.16299.371_none_15c7d1789365a290\COMCTL32.dll
0x00007fff12c40000 - 0x00007fff12f48000 	C:\WINDOWS\System32\combase.dll
0x00007fff12210000 - 0x00007fff12282000 	C:\WINDOWS\System32\bcryptPrimitives.dll
0x00007fff145b0000 - 0x00007fff145dd000 	C:\WINDOWS\System32\IMM32.DLL
0x0000000075330000 - 0x0000000075402000 	C:\Program Files\Java\jdk1.8.0_91\jre\bin\msvcr100.dll
0x0000000074a90000 - 0x0000000075323000 	C:\Program Files\Java\jdk1.8.0_91\jre\bin\server\jvm.dll
0x00007fff14430000 - 0x00007fff14438000 	C:\WINDOWS\System32\PSAPI.DLL
0x00007fff0ef70000 - 0x00007fff0ef93000 	C:\WINDOWS\SYSTEM32\WINMM.dll
0x00007fff09990000 - 0x00007fff09999000 	C:\WINDOWS\SYSTEM32\WSOCK32.dll
0x00007fff0a3e0000 - 0x00007fff0a3ea000 	C:\WINDOWS\SYSTEM32\VERSION.dll
0x00007fff143c0000 - 0x00007fff1442c000 	C:\WINDOWS\System32\WS2_32.dll
0x00007fff0e5b0000 - 0x00007fff0e5da000 	C:\WINDOWS\SYSTEM32\WINMMBASE.dll
0x00007fff11530000 - 0x00007fff1157a000 	C:\WINDOWS\System32\cfgmgr32.dll
0x0000000074a80000 - 0x0000000074a8f000 	C:\Program Files\Java\jdk1.8.0_91\jre\bin\verify.dll
0x0000000074a50000 - 0x0000000074a79000 	C:\Program Files\Java\jdk1.8.0_91\jre\bin\java.dll
0x0000000074a30000 - 0x0000000074a46000 	C:\Program Files\Java\jdk1.8.0_91\jre\bin\zip.dll
0x00007fff12f50000 - 0x00007fff14386000 	C:\WINDOWS\System32\SHELL32.dll
0x00007fff122a0000 - 0x00007fff12346000 	C:\WINDOWS\System32\shcore.dll
0x00007fff11970000 - 0x00007fff120b7000 	C:\WINDOWS\System32\windows.storage.dll
0x00007fff14cd0000 - 0x00007fff14d21000 	C:\WINDOWS\System32\shlwapi.dll
0x00007fff111a0000 - 0x00007fff111b1000 	C:\WINDOWS\System32\kernel.appcore.dll
0x00007fff11130000 - 0x00007fff1117c000 	C:\WINDOWS\System32\powrprof.dll
0x00007fff11110000 - 0x00007fff1112b000 	C:\WINDOWS\System32\profapi.dll
0x0000000074a10000 - 0x0000000074a2a000 	C:\Program Files\Java\jdk1.8.0_91\jre\bin\net.dll
0x00007fff10940000 - 0x00007fff109a6000 	C:\WINDOWS\system32\mswsock.dll
0x00000000749f0000 - 0x0000000074a01000 	C:\Program Files\Java\jdk1.8.0_91\jre\bin\nio.dll
0x00007fff0ba60000 - 0x00007fff0ba7e000 	C:\Users\Baduncle\.gradle\native\25\windows-amd64\native-platform.dll
0x00000000749e0000 - 0x00000000749ed000 	C:\Program Files\Java\jdk1.8.0_91\jre\bin\management.dll
0x00007fff10b00000 - 0x00007fff10b17000 	C:\WINDOWS\SYSTEM32\CRYPTSP.dll
0x00007fff10540000 - 0x00007fff10573000 	C:\WINDOWS\system32\rsaenh.dll
0x00007fff10c70000 - 0x00007fff10c95000 	C:\WINDOWS\SYSTEM32\bcrypt.dll
0x00007fff11010000 - 0x00007fff11039000 	C:\WINDOWS\SYSTEM32\USERENV.dll
0x00007fff10b20000 - 0x00007fff10b2b000 	C:\WINDOWS\SYSTEM32\CRYPTBASE.dll
0x00007fff106d0000 - 0x00007fff10709000 	C:\WINDOWS\SYSTEM32\IPHLPAPI.DLL
0x00007fff12290000 - 0x00007fff12298000 	C:\WINDOWS\System32\NSI.dll
0x00007fff0b770000 - 0x00007fff0b786000 	C:\WINDOWS\SYSTEM32\dhcpcsvc6.DLL
0x00007fff0b700000 - 0x00007fff0b71a000 	C:\WINDOWS\SYSTEM32\dhcpcsvc.DLL
0x00007fff10240000 - 0x00007fff10271000 	C:\WINDOWS\SYSTEM32\ntmarta.dll

VM Arguments:
jvm_args: -Xmx1536m -Dfile.encoding=windows-1252 -Duser.country=AT -Duser.language=de -Duser.variant 
java_command: org.gradle.launcher.daemon.bootstrap.GradleDaemon 4.4
java_class_path (initial): C:\Users\Baduncle\.gradle\wrapper\dists\gradle-4.4-all\9br9xq1tocpiv8o6njlyu5op1\gradle-4.4\lib\gradle-launcher-4.4.jar
Launcher Type: SUN_STANDARD

Environment Variables:
JAVA_HOME=C:\Program Files\Java\jdk1.8.0_91
PATH=C:\Program Files (x86)\Common Files\Oracle\Java\javapath;C:\ProgramData\Oracle\Java\javapath;C:\Windows\system32;C:\Windows;C:\Windows\System32\Wbem;C:\Windows\System32\WindowsPowerShell\v1.0\;C:\Program Files (x86)\ATI Technologies\ATI.ACE\Core-Static;C:\Program Files (x86)\AMD\ATI.ACE\Core-Static;C:\Program Files (x86)\NVIDIA Corporation\PhysX\Common;C:\WINDOWS\system32;C:\WINDOWS;C:\WINDOWS\System32\Wbem;C:\WINDOWS\System32\WindowsPowerShell\v1.0\;C:\Program Files (x86)\Skype\Phone\;C:\WINDOWS\system32\config\systemprofile\.dnx\bin;C:\Program Files\Microsoft DNX\Dnvm\;C:\Program Files (x86)\Windows Kits\8.1\Windows Performance Toolkit\;C:\Program Files\Microsoft SQL Server\120\Tools\Binn\;C:\Program Files\Microsoft SQL Server\130\Tools\Binn\;C:\Program Files (x86)\Microsoft SQL Server\110\Tools\Binn\;C:\Program Files (x86)\Microsoft SQL Server\110\DTS\Binn\;C:\Program Files (x86)\Windows Live\Shared;E:\Git\cmd;C:\Users\Baduncle\AppData\Local\Microsoft\WindowsApps;C:\Users\Baduncle\AppData\Local\GitHubDesktop\bin
USERNAME=Baduncle
OS=Windows_NT
PROCESSOR_IDENTIFIER=Intel64 Family 6 Model 42 Stepping 7, GenuineIntel



---------------  S Y S T E M  ---------------

OS: Windows 10.0 , 64 bit Build 16299 (10.0.16299.15)

CPU:total 4 (4 cores per cpu, 1 threads per core) family 6 model 42 stepping 7, cmov, cx8, fxsr, mmx, sse, sse2, sse3, ssse3, sse4.1, sse4.2, popcnt, avx, aes, clmul, tsc, tscinvbit

Memory: 4k page, physical 16757988k(6061808k free), swap 32329440k(4596k free)

vm_info: Java HotSpot(TM) 64-Bit Server VM (25.91-b14) for windows-amd64 JRE (1.8.0_91-b14), built on Apr  1 2016 00:58:32 by "java_re" with MS VC++ 10.0 (VS2010)

time: Sat May 05 20:44:38 2018
elapsed time: 59 seconds (0d 0h 0m 59s)

